
==================================================
--- New Run Started at 2026-07-18 02:59:58 ---
02:59:58 [INFO] regicide: Castle deck prepared with 12 enemies.
02:59:58 [INFO] regicide: First enemy revealed: J♣ (HP: 20/20, ATK: 10)
02:59:58 [ERROR] root: Game 0 stuck! Phase: None, ReqDefense: 0, Hand: [<game.regicide.Card object at 0x00000236D4B09850>, <game.regicide.Card object at 0x00000236D6CB3B90>, <game.regicide.Card object at 0x00000236D6EBF070>, <game.regicide.Card object at 0x00000236D6DA7360>, <game.regicide.Card object at 0x00000236D6EBFB60>, <game.regicide.Card object at 0x00000236D6EAD8C0>, <game.regicide.Card object at 0x00000236D6EBFD90>, <game.regicide.Card object at 0x00000236D6D06D50>]

==================================================
--- New Run Started at 2026-07-18 03:00:51 ---
03:00:51 [INFO] root: === Starting 1 Simulated Game ===
03:00:51 [INFO] regicide: Castle deck prepared with 12 enemies.
03:00:51 [INFO] regicide: First enemy revealed: J♣ (HP: 20/20, ATK: 10)
03:00:51 [INFO] regicide: Player 1 plays: 2♦
03:00:51 [INFO] regicide: Enemy takes 2 damage. (Total HP: 18/20)
03:00:51 [INFO] regicide: Enemy counter-attacks for 10 damage.
03:00:51 [INFO] regicide: Player 1 defends with 4♦, 7♦ (value: 11)
03:00:51 [INFO] regicide: Player 1 plays: 5♦
03:00:51 [INFO] regicide: Enemy takes 5 damage. (Total HP: 13/20)
03:00:51 [INFO] regicide: Enemy counter-attacks for 10 damage.
03:00:51 [INFO] regicide: Player 1 defends with 4♣, 9♠ (value: 13)
03:00:51 [INFO] regicide: Player 1 plays: 10♥, A♣
03:00:51 [INFO] regicide: Enemy takes 11 damage. (Total HP: 2/20)
03:00:51 [INFO] regicide: Enemy counter-attacks for 10 damage.
03:00:51 [INFO] regicide: Player 1 defends with 6♦, 6♣ (value: 12)
03:00:51 [INFO] regicide: Player 1 plays: 5♠
03:00:51 [INFO] regicide: Enemy takes 5 damage. (Total HP: -3/20)
03:00:51 [INFO] regicide: Enemy defeated! J♣ moves to discard.
03:00:51 [INFO] regicide: New enemy revealed: J♦ (HP: 20/20, ATK: 10)
03:00:51 [INFO] regicide: Player 1 plays: 3♣
03:00:51 [INFO] regicide: Enemy takes 6 damage. (Total HP: 14/20)
03:00:51 [INFO] regicide: Enemy counter-attacks for 10 damage.
03:00:51 [INFO] root: 
=== Defeat! ===

==================================================
--- New Run Started at 2026-07-18 14:04:40 ---
14:04:40 [INFO] root: === Starting 1 Simulated Game ===
14:04:40 [INFO] regicide: Castle deck prepared with 12 enemies.
14:04:40 [INFO] regicide: First enemy revealed: J♣ (HP: 20/20, ATK: 10)
14:04:40 [INFO] regicide: Player 1 plays: 10♠, A♥
14:04:40 [INFO] regicide: Enemy takes 11 damage. (Total HP: 9/20)
14:04:40 [INFO] regicide: Enemy counter-attacks for 0 damage.
14:04:40 [INFO] regicide: Player 1 plays: 6♦
14:04:40 [INFO] regicide: Enemy takes 6 damage. (Total HP: 3/20)
14:04:40 [INFO] regicide: Enemy counter-attacks for 0 damage.
14:04:40 [INFO] regicide: Player 1 plays: 3♣, A♣
14:04:40 [INFO] regicide: Enemy takes 4 damage. (Total HP: -1/20)
14:04:40 [INFO] regicide: Enemy defeated! J♣ moves to discard.
14:04:40 [INFO] regicide: New enemy revealed: J♦ (HP: 20/20, ATK: 10)
14:04:40 [INFO] regicide: Player 1 plays: 3♠
14:04:40 [INFO] regicide: Enemy takes 3 damage. (Total HP: 17/20)
14:04:40 [INFO] regicide: Enemy counter-attacks for 7 damage.
14:04:40 [INFO] regicide: Player 1 defends with 2♥, 5♠ (value: 7)
14:04:40 [INFO] regicide: Player 1 plays: 10♥
14:04:40 [INFO] regicide: Enemy takes 10 damage. (Total HP: 7/20)
14:04:40 [INFO] regicide: Enemy counter-attacks for 7 damage.
14:04:40 [INFO] regicide: Player 1 defends with 2♦, 5♥ (value: 7)

==================================================
--- New Run Started at 2026-07-18 14:20:34 ---
14:20:34 [INFO] root: === Starting 1 Simulated Game ===
14:20:34 [INFO] regicide: Castle deck prepared with 12 enemies.
14:20:34 [INFO] regicide: First enemy revealed: J♠ (HP: 20/20, ATK: 10)
14:20:34 [INFO] regicide: Player 1 plays: 8♥
14:20:34 [INFO] regicide: Enemy takes 8 damage. (Total HP: 12/20)
14:20:34 [INFO] regicide: Enemy counter-attacks for 10 damage.
14:20:34 [INFO] regicide: Player 1 defends with 2♥, 4♦, 5♠ (value: 11)
14:20:34 [INFO] regicide: Player 1 plays: 10♣
14:20:34 [INFO] regicide: Enemy takes 20 damage. (Total HP: -8/20)
14:20:34 [INFO] regicide: Enemy defeated! J♠ moves to discard.
14:20:34 [INFO] regicide: New enemy revealed: J♦ (HP: 20/20, ATK: 10)
14:20:34 [INFO] regicide: Player 1 plays: 2♠
14:20:34 [INFO] regicide: Enemy takes 2 damage. (Total HP: 18/20)
14:20:34 [INFO] regicide: Enemy counter-attacks for 8 damage.
14:20:34 [INFO] regicide: Player 1 defends with 8♣ (value: 8)
14:20:34 [INFO] regicide: Player 1 plays: 3♥
14:20:34 [INFO] regicide: Enemy takes 3 damage. (Total HP: 15/20)
14:20:34 [INFO] regicide: Enemy counter-attacks for 8 damage.
14:20:34 [INFO] root: Player 1 cannot defend against 8 damage. Game Over.
14:20:34 [INFO] root: 
=== Defeat! ===

==================================================
--- New Run Started at 2026-07-18 14:20:46 ---
14:20:46 [INFO] root: === Starting 1 Simulated Game ===
14:20:46 [INFO] regicide: Castle deck prepared with 12 enemies.
14:20:46 [INFO] regicide: First enemy revealed: J♦ (HP: 20/20, ATK: 10)
14:20:46 [INFO] regicide: Player 1 plays: 6♦
14:20:46 [INFO] regicide: Enemy takes 6 damage. (Total HP: 14/20)
14:20:46 [INFO] regicide: Enemy counter-attacks for 10 damage.
14:20:46 [INFO] regicide: Player 1 defends with 2♣, 8♠ (value: 10)
14:20:46 [INFO] regicide: Player 1 plays: 10♦
14:20:46 [INFO] regicide: Enemy takes 10 damage. (Total HP: 4/20)
14:20:46 [INFO] regicide: Enemy counter-attacks for 10 damage.
14:20:46 [INFO] regicide: Player 1 defends with 4♦, 9♠ (value: 13)
14:20:46 [INFO] regicide: Player 1 plays: 6♠
14:20:46 [INFO] regicide: Enemy takes 6 damage. (Total HP: -2/20)
14:20:46 [INFO] regicide: Enemy defeated! J♦ moves to discard.
14:20:46 [INFO] regicide: New enemy revealed: J♥ (HP: 20/20, ATK: 10)
14:20:46 [INFO] regicide: Player 1 plays: A♦
14:20:46 [INFO] regicide: Enemy takes 1 damage. (Total HP: 19/20)
14:20:46 [INFO] regicide: Enemy counter-attacks for 10 damage.
14:20:46 [INFO] root: Player 1 cannot defend against 10 damage. Game Over.
14:20:46 [INFO] root: 
=== Defeat! ===

==================================================
--- New Run Started at 2026-07-18 14:20:53 ---
14:20:53 [INFO] root: === Starting 1 Simulated Game ===
14:20:53 [INFO] regicide: Castle deck prepared with 12 enemies.
14:20:53 [INFO] regicide: First enemy revealed: J♠ (HP: 20/20, ATK: 10)
14:20:53 [INFO] regicide: Player 1 plays: 3♥
14:20:53 [INFO] regicide: Enemy takes 3 damage. (Total HP: 17/20)
14:20:53 [INFO] regicide: Enemy counter-attacks for 10 damage.
14:20:53 [INFO] regicide: Player 1 defends with 4♠, 6♦ (value: 10)
14:20:53 [INFO] regicide: Player 1 plays: A♣, A♥
14:20:53 [INFO] regicide: Enemy takes 4 damage. (Total HP: 13/20)
14:20:53 [INFO] regicide: Enemy counter-attacks for 10 damage.
14:20:53 [INFO] regicide: Player 1 defends with 4♦, 9♥ (value: 13)
14:20:53 [INFO] regicide: Player 1 plays: 7♠
14:20:53 [INFO] regicide: Enemy takes 7 damage. (Total HP: 6/20)
14:20:53 [INFO] regicide: Enemy counter-attacks for 10 damage.
14:20:53 [INFO] root: Player 1 cannot defend against 10 damage. Game Over.
14:20:53 [INFO] root: 
=== Defeat! ===

==================================================
--- New Run Started at 2026-07-18 14:24:01 ---
14:24:01 [INFO] root: === Starting 1 Simulated Game ===
14:24:01 [INFO] regicide: Castle deck prepared with 12 enemies.
14:24:01 [INFO] regicide: First enemy revealed: J♠ (HP: 20/20, ATK: 10)
14:24:01 [INFO] regicide: Player 1 plays: 8♠, A♦
14:24:01 [INFO] regicide: Enemy takes 9 damage. (Total HP: 11/20)
14:24:01 [INFO] regicide: Enemy counter-attacks for 10 damage.
14:24:01 [INFO] regicide: Player 1 defends with 10♦ (value: 10)
14:24:01 [INFO] regicide: Player 1 plays: 3♥
14:24:01 [INFO] regicide: Enemy takes 3 damage. (Total HP: 8/20)
14:24:01 [INFO] regicide: Enemy counter-attacks for 10 damage.
14:24:01 [INFO] regicide: Player 1 defends with 3♠, 4♥, 4♦ (value: 11)
14:24:01 [INFO] regicide: Player 1 plays: 2♠
14:24:01 [INFO] regicide: Enemy takes 2 damage. (Total HP: 6/20)
14:24:01 [INFO] regicide: Enemy counter-attacks for 10 damage.
14:24:01 [INFO] regicide: Player 1 defends with 10♥ (value: 10)
14:24:01 [INFO] regicide: Player 1 plays: 8♥
14:24:01 [INFO] regicide: Enemy takes 8 damage. (Total HP: -2/20)
14:24:01 [INFO] regicide: Enemy defeated! J♠ moves to discard.
14:24:01 [INFO] regicide: New enemy revealed: J♣ (HP: 20/20, ATK: 10)

==================================================
--- New Run Started at 2026-07-18 14:34:23 ---
14:34:23 [INFO] root: === Starting 1 Simulated Game ===
14:34:23 [INFO] regicide: Castle deck prepared with 12 enemies.
14:34:23 [INFO] regicide: First enemy revealed: J♣ (HP: 20/20, ATK: 10)
14:34:23 [INFO] regicide: Player 1 plays: 4♠
14:34:23 [INFO] regicide: Enemy takes 4 damage. (Total HP: 16/20)
14:34:23 [INFO] regicide: Enemy counter-attacks for 6 damage.
14:34:23 [INFO] regicide: Player 1 defends with 10♦ (value: 10)
14:34:23 [INFO] regicide: Player 1 plays: 10♠
14:34:23 [INFO] regicide: Enemy takes 10 damage. (Total HP: 6/20)
14:34:23 [INFO] regicide: Enemy counter-attacks for 0 damage.
14:34:23 [INFO] regicide: Player 1 plays: A♥
14:34:23 [INFO] regicide: Enemy takes 1 damage. (Total HP: 5/20)
14:34:23 [INFO] regicide: Enemy counter-attacks for 0 damage.
14:34:23 [INFO] regicide: Player 1 plays: 10♣
14:34:23 [INFO] regicide: Enemy takes 10 damage. (Total HP: -5/20)
14:34:23 [INFO] regicide: Enemy defeated! J♣ moves to discard.
14:34:23 [INFO] regicide: New enemy revealed: J♥ (HP: 20/20, ATK: 10)
14:34:23 [INFO] regicide: Player 1 plays: 9♣
14:34:23 [INFO] regicide: Enemy takes 18 damage. (Total HP: 2/20)
14:34:23 [INFO] regicide: Enemy counter-attacks for 10 damage.
14:34:23 [INFO] regicide: Player 1 defends with 6♣, 6♠ (value: 12)

==================================================
--- New Run Started at 2026-07-18 14:38:20 ---
14:38:20 [INFO] root: === Starting 1 Simulated Game ===
14:38:20 [INFO] regicide: Castle deck prepared with 12 enemies.
14:38:20 [INFO] regicide: First enemy revealed: J♣ (HP: 20/20, ATK: 10)
14:38:20 [INFO] regicide: Player 1 plays: 4♦
14:38:20 [INFO] regicide: Enemy takes 4 damage. (Total HP: 16/20)
14:38:20 [INFO] regicide: Enemy counter-attacks for 10 damage.
14:38:20 [INFO] regicide: Player 1 defends with 8♠, 9♣ (value: 17)
14:38:20 [INFO] regicide: Player 1 plays: 10♣, A♠
14:38:20 [INFO] regicide: Enemy takes 11 damage. (Total HP: 5/20)
14:38:20 [INFO] regicide: Enemy counter-attacks for 0 damage.
14:38:20 [INFO] regicide: Player 1 plays: 3♦
14:38:20 [INFO] regicide: Enemy takes 3 damage. (Total HP: 2/20)
14:38:20 [INFO] regicide: Enemy counter-attacks for 0 damage.
14:38:20 [INFO] regicide: Player 1 plays: 2♦, 2♥
14:38:20 [INFO] regicide: Enemy takes 4 damage. (Total HP: -2/20)
14:38:20 [INFO] regicide: Enemy defeated! J♣ moves to discard.
14:38:20 [INFO] regicide: New enemy revealed: J♦ (HP: 20/20, ATK: 10)
14:38:20 [INFO] regicide: Player 1 plays: 5♣
14:38:20 [INFO] regicide: Enemy takes 10 damage. (Total HP: 10/20)
14:38:20 [INFO] regicide: Enemy counter-attacks for 10 damage.
14:38:20 [INFO] regicide: Player 1 defends with 6♠, 9♦ (value: 15)
14:38:20 [INFO] regicide: Player 1 plays: 5♦, 5♥
14:38:20 [INFO] regicide: Enemy takes 10 damage. (Total HP: 0/20)
14:38:20 [INFO] regicide: Enemy exactly defeated! J♦ joins the Tavern.
14:38:20 [INFO] regicide: New enemy revealed: J♠ (HP: 20/20, ATK: 10)
14:38:20 [INFO] regicide: Player 1 plays: 8♣
14:38:20 [INFO] regicide: Enemy takes 16 damage. (Total HP: 4/20)
14:38:20 [INFO] regicide: Enemy counter-attacks for 10 damage.
14:38:20 [INFO] regicide: Player 1 defends with 7♠, 8♥ (value: 15)
14:38:20 [INFO] regicide: Player 1 plays: 3♣
14:38:20 [INFO] regicide: Enemy takes 6 damage. (Total HP: -2/20)
14:38:20 [INFO] regicide: Enemy defeated! J♠ moves to discard.
14:38:20 [INFO] regicide: New enemy revealed: J♥ (HP: 20/20, ATK: 10)
14:38:20 [INFO] regicide: Player 1 plays: 6♥
14:38:20 [INFO] regicide: Enemy takes 6 damage. (Total HP: 14/20)
14:38:20 [INFO] regicide: Enemy counter-attacks for 10 damage.
14:38:20 [INFO] regicide: Player 1 defends with 10♥ (value: 10)
14:38:20 [INFO] root: 
=== Defeat! ===

==================================================
--- New Run Started at 2026-07-18 14:43:00 ---
14:43:00 [INFO] root: === Starting 1 Simulated Game ===
14:43:00 [INFO] regicide: Castle deck prepared with 12 enemies.
14:43:00 [INFO] regicide: First enemy revealed: J♠ (HP: 20/20, ATK: 10)
14:43:00 [INFO] regicide: Player 1 plays: 2♣, 2♦
14:43:00 [INFO] regicide: Enemy takes 8 damage. (Total HP: 12/20)
14:43:00 [INFO] regicide: Enemy counter-attacks for 10 damage.
14:43:00 [INFO] regicide: Player 1 defends with 2♠, 9♦ (value: 11)
14:43:00 [INFO] regicide: Player 1 plays: 4♠, A♣
14:43:00 [INFO] regicide: Enemy takes 10 damage. (Total HP: 2/20)
14:43:00 [INFO] regicide: Enemy counter-attacks for 10 damage.
14:43:00 [INFO] regicide: Player 1 defends with 10♣ (value: 10)
14:43:00 [INFO] regicide: Player 1 plays: 2♥
14:43:00 [INFO] regicide: Enemy takes 2 damage. (Total HP: 0/20)
14:43:00 [INFO] regicide: Enemy exactly defeated! J♠ joins the Tavern.
14:43:00 [INFO] regicide: New enemy revealed: J♥ (HP: 20/20, ATK: 10)
14:43:00 [INFO] regicide: Player 1 plays: 6♣
14:43:00 [INFO] regicide: Enemy takes 12 damage. (Total HP: 8/20)
14:43:00 [INFO] regicide: Enemy counter-attacks for 10 damage.
14:43:00 [INFO] root: Player 1 cannot defend against 10 damage. Game Over.
14:43:00 [INFO] root: 
=== Defeat! ===
