Training log started
==================================================
EXPERIMENT CONFIGURATION
==================================================
num_episodes: 50000
learning_rate: 0.001
gamma: 0.99
policy_type: fixed_actor_critic
num_players: 2
max_hand_size: 7
card_embed_dim: 16
hidden_dim: 64
entropy_coefficient: 0.02
value_loss_coefficient: 0.5
==================================================
Episode 100: Reward=222.30, Length=32, Bosses=4, WinRate=100.00%
Episode 200: Reward=33.40, Length=11, Bosses=1, WinRate=100.00%
Episode 300: Reward=164.70, Length=21, Bosses=4, WinRate=99.00%
Episode 400: Reward=81.30, Length=20, Bosses=2, WinRate=100.00%
Episode 500: Reward=58.40, Length=10, Bosses=1, WinRate=100.00%
Episode 600: Reward=87.90, Length=20, Bosses=2, WinRate=100.00%
Episode 700: Reward=122.70, Length=21, Bosses=3, WinRate=100.00%
Episode 800: Reward=79.00, Length=12, Bosses=2, WinRate=100.00%
Episode 900: Reward=129.90, Length=17, Bosses=3, WinRate=100.00%
Episode 1000: Reward=55.80, Length=13, Bosses=1, WinRate=99.00%
Episode 1100: Reward=67.10, Length=10, Bosses=2, WinRate=99.00%
Episode 1200: Reward=121.90, Length=20, Bosses=3, WinRate=100.00%
Episode 1300: Reward=73.10, Length=14, Bosses=2, WinRate=100.00%
Episode 1400: Reward=62.10, Length=8, Bosses=2, WinRate=100.00%
Episode 1500: Reward=121.70, Length=21, Bosses=3, WinRate=100.00%
Episode 1600: Reward=38.40, Length=7, Bosses=1, WinRate=100.00%
Episode 1700: Reward=209.10, Length=27, Bosses=5, WinRate=98.00%
Episode 1800: Reward=10.50, Length=6, Bosses=0, WinRate=100.00%
Episode 1900: Reward=82.00, Length=15, Bosses=2, WinRate=100.00%
Episode 2000: Reward=173.90, Length=21, Bosses=4, WinRate=100.00%
Episode 2100: Reward=157.60, Length=22, Bosses=4, WinRate=100.00%
Episode 2200: Reward=50.10, Length=10, Bosses=1, WinRate=99.00%
Episode 2300: Reward=49.80, Length=15, Bosses=1, WinRate=100.00%
Episode 2400: Reward=71.00, Length=13, Bosses=1, WinRate=100.00%
Episode 2500: Reward=88.30, Length=16, Bosses=2, WinRate=100.00%
Episode 2600: Reward=74.90, Length=13, Bosses=2, WinRate=99.00%
Episode 2700: Reward=122.10, Length=13, Bosses=3, WinRate=100.00%
Episode 2800: Reward=105.20, Length=23, Bosses=2, WinRate=100.00%
Episode 2900: Reward=186.90, Length=22, Bosses=4, WinRate=100.00%
Episode 3000: Reward=184.20, Length=22, Bosses=4, WinRate=100.00%
Episode 3100: Reward=133.30, Length=23, Bosses=3, WinRate=100.00%
Episode 3200: Reward=86.70, Length=18, Bosses=2, WinRate=100.00%
Episode 3300: Reward=94.10, Length=15, Bosses=2, WinRate=100.00%
Episode 3400: Reward=89.30, Length=16, Bosses=2, WinRate=100.00%
Episode 3500: Reward=201.20, Length=25, Bosses=4, WinRate=100.00%
Episode 3600: Reward=33.50, Length=7, Bosses=1, WinRate=100.00%
Episode 3700: Reward=46.40, Length=9, Bosses=1, WinRate=100.00%
Episode 3800: Reward=88.60, Length=19, Bosses=2, WinRate=100.00%
Episode 3900: Reward=27.30, Length=8, Bosses=1, WinRate=100.00%
Episode 4000: Reward=76.90, Length=13, Bosses=2, WinRate=100.00%
Episode 4100: Reward=66.40, Length=10, Bosses=2, WinRate=100.00%
Episode 4200: Reward=52.80, Length=11, Bosses=1, WinRate=100.00%
Episode 4300: Reward=152.80, Length=20, Bosses=4, WinRate=100.00%
Episode 4400: Reward=48.80, Length=11, Bosses=1, WinRate=100.00%
Episode 4500: Reward=103.60, Length=17, Bosses=3, WinRate=99.00%
Episode 4600: Reward=45.40, Length=11, Bosses=1, WinRate=100.00%
Episode 4700: Reward=78.60, Length=15, Bosses=1, WinRate=100.00%
Episode 4800: Reward=158.80, Length=19, Bosses=4, WinRate=100.00%
Episode 4900: Reward=81.60, Length=11, Bosses=2, WinRate=100.00%
Episode 5000: Reward=99.10, Length=18, Bosses=2, WinRate=99.00%
Episode 5100: Reward=77.90, Length=14, Bosses=2, WinRate=100.00%
Episode 5200: Reward=169.20, Length=26, Bosses=4, WinRate=100.00%
Episode 5300: Reward=37.20, Length=7, Bosses=1, WinRate=100.00%
Episode 5400: Reward=133.50, Length=21, Bosses=3, WinRate=100.00%
Episode 5500: Reward=57.30, Length=11, Bosses=1, WinRate=100.00%
Episode 5600: Reward=43.70, Length=14, Bosses=1, WinRate=100.00%
Episode 5700: Reward=10.90, Length=10, Bosses=0, WinRate=100.00%
Episode 5800: Reward=88.10, Length=15, Bosses=2, WinRate=100.00%
Episode 5900: Reward=45.20, Length=11, Bosses=1, WinRate=100.00%
Episode 6000: Reward=117.20, Length=15, Bosses=3, WinRate=100.00%
Episode 6100: Reward=49.80, Length=11, Bosses=1, WinRate=100.00%
Episode 6200: Reward=45.80, Length=7, Bosses=1, WinRate=100.00%
Episode 6300: Reward=118.70, Length=17, Bosses=3, WinRate=100.00%
Episode 6400: Reward=146.40, Length=20, Bosses=3, WinRate=100.00%
Episode 6500: Reward=80.20, Length=13, Bosses=2, WinRate=100.00%
Episode 6600: Reward=76.00, Length=12, Bosses=2, WinRate=100.00%
Episode 6700: Reward=115.10, Length=13, Bosses=3, WinRate=100.00%
Episode 6800: Reward=130.80, Length=17, Bosses=3, WinRate=100.00%
Episode 6900: Reward=87.00, Length=15, Bosses=2, WinRate=99.00%
Episode 7000: Reward=146.30, Length=27, Bosses=3, WinRate=100.00%
Episode 7100: Reward=77.90, Length=13, Bosses=2, WinRate=100.00%
Episode 7200: Reward=130.50, Length=21, Bosses=3, WinRate=100.00%
Episode 7300: Reward=87.40, Length=16, Bosses=2, WinRate=100.00%
Episode 7400: Reward=203.50, Length=26, Bosses=5, WinRate=99.00%
Episode 7500: Reward=209.70, Length=27, Bosses=5, WinRate=100.00%
Episode 7600: Reward=88.30, Length=14, Bosses=2, WinRate=100.00%
Episode 7700: Reward=5.80, Length=6, Bosses=0, WinRate=100.00%
Episode 7800: Reward=154.20, Length=21, Bosses=4, WinRate=100.00%
Episode 7900: Reward=79.30, Length=12, Bosses=2, WinRate=100.00%
Episode 8000: Reward=149.70, Length=19, Bosses=3, WinRate=100.00%
Episode 8100: Reward=96.70, Length=12, Bosses=2, WinRate=100.00%
Episode 8200: Reward=122.00, Length=13, Bosses=3, WinRate=100.00%
Episode 8300: Reward=112.10, Length=16, Bosses=3, WinRate=100.00%
Episode 8400: Reward=144.20, Length=19, Bosses=3, WinRate=100.00%
Episode 8500: Reward=34.80, Length=7, Bosses=1, WinRate=100.00%
Episode 8600: Reward=34.90, Length=9, Bosses=1, WinRate=100.00%
Episode 8700: Reward=157.30, Length=20, Bosses=4, WinRate=100.00%
Episode 8800: Reward=114.40, Length=13, Bosses=3, WinRate=100.00%
Episode 8900: Reward=48.20, Length=13, Bosses=1, WinRate=100.00%
Episode 9000: Reward=56.50, Length=11, Bosses=1, WinRate=100.00%
Episode 9100: Reward=30.60, Length=7, Bosses=1, WinRate=99.00%
Episode 9200: Reward=138.10, Length=15, Bosses=3, WinRate=100.00%
Episode 9300: Reward=143.80, Length=26, Bosses=3, WinRate=100.00%
Episode 9400: Reward=108.30, Length=19, Bosses=2, WinRate=100.00%
Episode 9500: Reward=43.40, Length=11, Bosses=1, WinRate=100.00%
Episode 9600: Reward=82.40, Length=15, Bosses=2, WinRate=99.00%
Episode 9700: Reward=11.40, Length=6, Bosses=0, WinRate=100.00%
Episode 9800: Reward=142.10, Length=18, Bosses=3, WinRate=100.00%
Episode 9900: Reward=72.30, Length=10, Bosses=2, WinRate=100.00%
Episode 10000: Reward=156.70, Length=24, Bosses=4, WinRate=100.00%
Episode 10100: Reward=117.40, Length=17, Bosses=3, WinRate=100.00%
Episode 10200: Reward=72.00, Length=15, Bosses=1, WinRate=100.00%
Episode 10300: Reward=114.50, Length=18, Bosses=2, WinRate=100.00%
Episode 10400: Reward=81.70, Length=10, Bosses=2, WinRate=100.00%
Episode 10500: Reward=147.20, Length=19, Bosses=4, WinRate=100.00%
Episode 10600: Reward=59.80, Length=15, Bosses=1, WinRate=100.00%
Episode 10700: Reward=144.30, Length=19, Bosses=3, WinRate=100.00%
Episode 10800: Reward=138.00, Length=21, Bosses=3, WinRate=100.00%
Episode 10900: Reward=48.90, Length=13, Bosses=1, WinRate=100.00%
Episode 11000: Reward=114.60, Length=13, Bosses=3, WinRate=100.00%
Episode 11100: Reward=39.70, Length=6, Bosses=1, WinRate=100.00%
Episode 11200: Reward=167.10, Length=20, Bosses=4, WinRate=100.00%
Episode 11300: Reward=193.40, Length=24, Bosses=4, WinRate=100.00%
Episode 11400: Reward=138.50, Length=19, Bosses=3, WinRate=100.00%
Episode 11500: Reward=107.60, Length=17, Bosses=2, WinRate=100.00%
Episode 11600: Reward=80.80, Length=17, Bosses=2, WinRate=100.00%
Episode 11700: Reward=82.60, Length=12, Bosses=2, WinRate=100.00%
Episode 11800: Reward=37.40, Length=7, Bosses=1, WinRate=100.00%
Episode 11900: Reward=48.10, Length=14, Bosses=1, WinRate=100.00%
Episode 12000: Reward=186.40, Length=22, Bosses=4, WinRate=100.00%
Episode 12100: Reward=132.50, Length=21, Bosses=3, WinRate=100.00%
Episode 12200: Reward=87.40, Length=12, Bosses=2, WinRate=100.00%
Episode 12300: Reward=85.40, Length=16, Bosses=2, WinRate=100.00%
Episode 12400: Reward=121.80, Length=15, Bosses=3, WinRate=100.00%
Episode 12500: Reward=121.80, Length=13, Bosses=3, WinRate=100.00%
Episode 12600: Reward=75.10, Length=14, Bosses=2, WinRate=100.00%
Episode 12700: Reward=40.00, Length=13, Bosses=1, WinRate=100.00%
Episode 12800: Reward=126.70, Length=17, Bosses=3, WinRate=99.00%
Episode 12900: Reward=114.20, Length=13, Bosses=3, WinRate=100.00%
Episode 13000: Reward=127.40, Length=19, Bosses=3, WinRate=100.00%
Episode 13100: Reward=70.30, Length=10, Bosses=2, WinRate=100.00%
Episode 13200: Reward=43.80, Length=13, Bosses=1, WinRate=100.00%
Episode 13300: Reward=71.80, Length=11, Bosses=2, WinRate=100.00%
Episode 13400: Reward=166.40, Length=18, Bosses=4, WinRate=100.00%
Episode 13500: Reward=54.90, Length=12, Bosses=1, WinRate=100.00%
Episode 13600: Reward=87.60, Length=12, Bosses=2, WinRate=100.00%
Episode 13700: Reward=102.00, Length=18, Bosses=2, WinRate=100.00%
Episode 13800: Reward=33.00, Length=7, Bosses=1, WinRate=100.00%
Episode 13900: Reward=85.60, Length=13, Bosses=2, WinRate=100.00%
Episode 14000: Reward=53.60, Length=11, Bosses=1, WinRate=100.00%
Episode 14100: Reward=123.70, Length=18, Bosses=3, WinRate=100.00%
Episode 14200: Reward=55.70, Length=20, Bosses=1, WinRate=100.00%
Episode 14300: Reward=75.70, Length=10, Bosses=2, WinRate=99.00%
Episode 14400: Reward=36.40, Length=9, Bosses=1, WinRate=100.00%
Episode 14500: Reward=83.00, Length=18, Bosses=2, WinRate=100.00%
Episode 14600: Reward=52.40, Length=11, Bosses=1, WinRate=100.00%
Episode 14700: Reward=54.40, Length=15, Bosses=1, WinRate=100.00%
Episode 14800: Reward=181.80, Length=23, Bosses=4, WinRate=100.00%
Episode 14900: Reward=65.00, Length=11, Bosses=2, WinRate=100.00%
Episode 15000: Reward=85.10, Length=18, Bosses=2, WinRate=100.00%
Episode 15100: Reward=92.90, Length=12, Bosses=2, WinRate=100.00%
Episode 15200: Reward=53.80, Length=15, Bosses=1, WinRate=100.00%
Episode 15300: Reward=123.40, Length=17, Bosses=3, WinRate=100.00%
Episode 15400: Reward=37.30, Length=7, Bosses=1, WinRate=100.00%
Episode 15500: Reward=36.50, Length=10, Bosses=1, WinRate=100.00%
Episode 15600: Reward=77.10, Length=14, Bosses=2, WinRate=100.00%
Episode 15700: Reward=35.40, Length=7, Bosses=1, WinRate=100.00%
Episode 15800: Reward=110.10, Length=12, Bosses=2, WinRate=100.00%
Episode 15900: Reward=70.00, Length=13, Bosses=2, WinRate=100.00%
Episode 16000: Reward=144.50, Length=16, Bosses=4, WinRate=100.00%
Episode 16100: Reward=120.00, Length=19, Bosses=3, WinRate=100.00%
